e:\src\coolmod\src\materialsystem\stdshaders\release_dx9_mod_episodic\vc120.pdb
e:\src\coolmod\src\materialsystem\stdshaders\release_dx9_mod_episodic\radialblur.obj
e:\src\coolmod\src\materialsystem\stdshaders\release_dx9_mod_episodic\downsample.obj
e:\src\coolmod\src\materialsystem\stdshaders\release_dx9_mod_episodic\blur.obj
e:\src\coolmod\src\materialsystem\stdshaders\release_dx9_mod_episodic\ironsight_blur.obj
e:\src\coolmod\src\materialsystem\stdshaders\release_dx9_mod_episodic\firstperson_blur.obj
e:\src\coolmod\src\materialsystem\stdshaders\release_dx9_mod_episodic\motion_blur.obj
e:\src\coolmod\src\materialsystem\stdshaders\release_dx9_mod_episodic\pointeroverride.obj
e:\src\coolmod\src\materialsystem\stdshaders\game_shader_dx9_episodic.vpc.sentinel
e:\src\coolmod\src\materialsystem\stdshaders\release_dx9_mod_episodic\game_shader_dx9.dll
e:\src\coolmod\src\materialsystem\stdshaders\release_dx9_mod_episodic\game_shader_dx9.pdb
e:\src\coolmod\src\materialsystem\stdshaders\release_dx9_mod_episodic\game_shader_dx9.lib
e:\src\coolmod\src\materialsystem\stdshaders\release_dx9_mod_episodic\game_shader_dx9.exp
e:\src\coolmod\src\materialsystem\stdshaders\release_dx9_mod_episodic\basevsshader.obj
e:\src\coolmod\src\materialsystem\stdshaders\release_dx9_mod_episodic\bloom.obj
e:\src\coolmod\src\materialsystem\stdshaders\release_dx9_mod_episodic\example_model_dx9.obj
e:\src\coolmod\src\materialsystem\stdshaders\release_dx9_mod_episodic\example_model_dx9_helper.obj
e:\src\coolmod\src\materialsystem\stdshaders\release_dx9_mod_episodic\memoverride.obj
e:\src\coolmod\src\materialsystem\stdshaders\release_dx9_mod_episodic\screenspace_general.obj
e:\src\coolmod\src\materialsystem\stdshaders\release_dx9_mod_episodic\shaders .73f37a6e.tlog\cl.command.1.tlog
e:\src\coolmod\src\materialsystem\stdshaders\release_dx9_mod_episodic\shaders .73f37a6e.tlog\cl.read.1.tlog
e:\src\coolmod\src\materialsystem\stdshaders\release_dx9_mod_episodic\shaders .73f37a6e.tlog\cl.write.1.tlog
e:\src\coolmod\src\materialsystem\stdshaders\release_dx9_mod_episodic\shaders .73f37a6e.tlog\custombuild.command.1.tlog
e:\src\coolmod\src\materialsystem\stdshaders\release_dx9_mod_episodic\shaders .73f37a6e.tlog\custombuild.read.1.tlog
e:\src\coolmod\src\materialsystem\stdshaders\release_dx9_mod_episodic\shaders .73f37a6e.tlog\custombuild.write.1.tlog
e:\src\coolmod\src\materialsystem\stdshaders\release_dx9_mod_episodic\shaders .73f37a6e.tlog\link.command.1.tlog
e:\src\coolmod\src\materialsystem\stdshaders\release_dx9_mod_episodic\shaders .73f37a6e.tlog\link.read.1.tlog
e:\src\coolmod\src\materialsystem\stdshaders\release_dx9_mod_episodic\shaders .73f37a6e.tlog\link.write.1.tlog
e:\src\coolmod\src\materialsystem\stdshaders\release_dx9_mod_episodic\shaders .73f37a6e.tlog\shaders (episodic).write.1u.tlog
